<?xml version="1.0" encoding="UTF-8"?>
<!-- Generated by org.testng.reporters.JUnitReportReporter -->
<testsuite hostname="SEZLAP-13554T" failures="0" tests="1" name="testCases.FakeRESTApi" time="2.576" errors="0" timestamp="2024-02-15T14:46:27 IST" skipped="0">
  <testcase classname="testCases.FakeRESTApi" name="TC04DeleteBook" time="2.576"/>
  <system-out/>
</testsuite> <!-- testCases.FakeRESTApi -->
