<?xml version="1.0" encoding="UTF-8"?>
<!-- Generated by org.testng.reporters.JUnitReportReporter -->
<testsuite hostname="SEZLAP-13554T" failures="0" tests="3" name="testCases.FakeRESTApi" time="7.484" errors="0" timestamp="2024-02-14T16:40:20 IST" skipped="0">
  <testcase classname="testCases.FakeRESTApi" name="TC02getBooks" time="1.590"/>
  <system-out/>
  <testcase classname="testCases.FakeRESTApi" name="TC03UpdateId" time="0.619"/>
  <system-out/>
  <testcase classname="testCases.FakeRESTApi" name="TC01CreateAuthors" time="5.275"/>
  <system-out/>
</testsuite> <!-- testCases.FakeRESTApi -->
