<?xml version="1.0" encoding="UTF-8"?>
<!-- Generated by org.testng.reporters.JUnitReportReporter -->
<testsuite hostname="SEZLAP-13554T" failures="0" tests="1" name="testCases.TC" time="1.565" errors="0" timestamp="2024-02-12T11:13:19 IST" skipped="0">
  <testcase classname="testCases.TC" name="getCoursePrice" time="1.565"/>
  <system-out/>
</testsuite> <!-- testCases.TC -->
