<?xml version="1.0" encoding="UTF-8"?>
<!-- Generated by org.testng.reporters.JUnitReportReporter -->
<testsuite hostname="SEZLAP-13554T" failures="0" tests="1" name="testCases.FakeRestTest" time="5.456" errors="0" timestamp="2024-02-14T15:18:43 IST" skipped="0">
  <testcase classname="testCases.FakeRestTest" name="Tc01CreateAuthors" time="5.456"/>
  <system-out/>
</testsuite> <!-- testCases.FakeRestTest -->
