<?xml version="1.0" encoding="UTF-8"?>
<!-- Generated by org.testng.reporters.JUnitReportReporter -->
<testsuite hostname="SEZLAP-13554T" failures="0" tests="1" name="testCases.DummyApi" time="4.529" errors="0" timestamp="2024-02-13T11:22:51 IST" skipped="0">
  <testcase classname="testCases.DummyApi" name="OathTest" time="4.529"/>
  <system-out/>
</testsuite> <!-- testCases.DummyApi -->
