<?xml version="1.0" encoding="UTF-8"?>
<!-- Generated by org.testng.reporters.JUnitReportReporter -->
<testsuite hostname="SEZLAP-13554T" failures="0" tests="1" name="testCases.getCoursesTC" time="6.027" errors="0" timestamp="2024-02-14T16:37:04 IST" skipped="0">
  <testcase classname="testCases.getCoursesTC" name="getAllCourses" time="6.027"/>
  <system-out/>
</testsuite> <!-- testCases.getCoursesTC -->
